0 verbose cli /opt/homebrew/Cellar/node/24.2.0/bin/node /opt/homebrew/lib/node_modules/npm/bin/npm-cli.js
1 info using npm@11.3.0
2 info using node@v24.2.0
3 silly config load:file:/opt/homebrew/lib/node_modules/npm/npmrc
4 silly config load:file:/Users/argus/Desktop/Obsidian/Argus/.npmrc
5 silly config load:file:/Users/argus/.npmrc
6 silly config load:file:/opt/homebrew/etc/npmrc
7 verbose title npm exec quartz build
8 verbose argv "exec" "--" "quartz" "build"
9 verbose logfile logs-max:10 dir:/Users/argus/Desktop/Obsidian/Argus/.npm-local-cache/_logs/2026-02-23T14_46_31_630Z-
10 verbose logfile /Users/argus/Desktop/Obsidian/Argus/.npm-local-cache/_logs/2026-02-23T14_46_31_630Z-debug-0.log
11 silly logfile done cleaning log files
12 http fetch GET https://registry.npmjs.org/npm attempt 1 failed with ENOTFOUND
13 silly packumentCache heap:4496293888 maxSize:1124073472 maxEntrySize:562036736
14 verbose shrinkwrap failed to load node_modules/.package-lock.json out of date, updated: node_modules
15 silly packumentCache heap:4496293888 maxSize:1124073472 maxEntrySize:562036736
16 silly idealTree buildDeps
17 silly placeDep ROOT @jackyzha0/quartz@4.5.1 OK for:  want: file:../../..
18 silly reify moves {}
19 silly audit bulk request { '@jackyzha0/quartz': [ '4.5.1' ] }
20 verbose audit error FetchError: request to https://registry.npmjs.org/-/npm/v1/security/advisories/bulk failed, reason: getaddrinfo ENOTFOUND registry.npmjs.org
20 verbose audit error     at ClientRequest.<anonymous> (/opt/homebrew/lib/node_modules/npm/node_modules/minipass-fetch/lib/index.js:130:14)
20 verbose audit error     at ClientRequest.emit (node:events:507:28)
20 verbose audit error     at emitErrorEvent (node:_http_client:104:11)
20 verbose audit error     at _destroy (node:_http_client:898:9)
20 verbose audit error     at onSocketNT (node:_http_client:918:5)
20 verbose audit error     at process.processTicksAndRejections (node:internal/process/task_queues:91:21) {
20 verbose audit error   code: 'ENOTFOUND',
20 verbose audit error   errno: 'ENOTFOUND',
20 verbose audit error   syscall: 'getaddrinfo',
20 verbose audit error   hostname: 'registry.npmjs.org',
20 verbose audit error   type: 'system'
20 verbose audit error }
21 silly audit error undefined
22 silly audit report null
23 verbose cwd /Users/argus/Desktop/Obsidian/Argus
24 verbose os Darwin 25.2.0
25 verbose node v24.2.0
26 verbose npm  v11.3.0
27 verbose exit 0
28 info ok
